<?xml version="1.0" encoding="UTF-8"?>
<testng-results ignored="0" total="1" passed="1" failed="0" skipped="0">
  <reporter-output>
  </reporter-output>
  <suite started-at="2024-09-09T12:51:31 IST" name="Default suite" finished-at="2024-09-09T12:52:21 IST" duration-ms="49176">
    <groups>
    </groups>
    <test started-at="2024-09-09T12:51:31 IST" name="Default test" finished-at="2024-09-09T12:52:21 IST" duration-ms="49176">
      <class name="com.ShoppersStack_testScripts.TC_001_Verify_user_is_able_to_add_address_or_not">
        <test-method is-config="true" signature="beforeSuite()[pri:0, instance:com.ShoppersStack_testScripts.TC_001_Verify_user_is_able_to_add_address_or_not@1972e513]" started-at="2024-09-09T12:51:31 IST" name="beforeSuite" finished-at="2024-09-09T12:51:31 IST" duration-ms="10" status="PASS">
          <reporter-output>
          </reporter-output>
        </test-method> <!-- beforeSuite -->
        <test-method is-config="true" signature="beforeTest()[pri:0, instance:com.ShoppersStack_testScripts.TC_001_Verify_user_is_able_to_add_address_or_not@1972e513]" started-at="2024-09-09T12:51:31 IST" name="beforeTest" finished-at="2024-09-09T12:51:32 IST" duration-ms="251" status="PASS">
          <reporter-output>
          </reporter-output>
        </test-method> <!-- beforeTest -->
        <test-method is-config="true" signature="beforeClass()[pri:0, instance:com.ShoppersStack_testScripts.TC_001_Verify_user_is_able_to_add_address_or_not@1972e513]" started-at="2024-09-09T12:51:32 IST" name="beforeClass" finished-at="2024-09-09T12:51:39 IST" duration-ms="6977" status="PASS">
          <reporter-output>
          </reporter-output>
        </test-method> <!-- beforeClass -->
        <test-method is-config="true" signature="beforeMethod()[pri:0, instance:com.ShoppersStack_testScripts.TC_001_Verify_user_is_able_to_add_address_or_not@1972e513]" started-at="2024-09-09T12:51:39 IST" name="beforeMethod" finished-at="2024-09-09T12:52:04 IST" duration-ms="24909" status="PASS">
          <reporter-output>
          </reporter-output>
        </test-method> <!-- beforeMethod -->
        <test-method signature="addAddress()[pri:0, instance:com.ShoppersStack_testScripts.TC_001_Verify_user_is_able_to_add_address_or_not@1972e513]" started-at="2024-09-09T12:52:04 IST" name="addAddress" finished-at="2024-09-09T12:52:11 IST" duration-ms="7839" status="PASS">
          <reporter-output>
          </reporter-output>
        </test-method> <!-- addAddress -->
        <test-method is-config="true" signature="afterMethod()[pri:0, instance:com.ShoppersStack_testScripts.TC_001_Verify_user_is_able_to_add_address_or_not@1972e513]" started-at="2024-09-09T12:52:11 IST" name="afterMethod" finished-at="2024-09-09T12:52:17 IST" duration-ms="5308" status="PASS">
          <reporter-output>
          </reporter-output>
        </test-method> <!-- afterMethod -->
        <test-method is-config="true" signature="afterClass()[pri:0, instance:com.ShoppersStack_testScripts.TC_001_Verify_user_is_able_to_add_address_or_not@1972e513]" started-at="2024-09-09T12:52:17 IST" name="afterClass" finished-at="2024-09-09T12:52:20 IST" duration-ms="3319" status="PASS">
          <reporter-output>
          </reporter-output>
        </test-method> <!-- afterClass -->
        <test-method is-config="true" signature="afterTest()[pri:0, instance:com.ShoppersStack_testScripts.TC_001_Verify_user_is_able_to_add_address_or_not@1972e513]" started-at="2024-09-09T12:52:20 IST" name="afterTest" finished-at="2024-09-09T12:52:21 IST" duration-ms="526" status="PASS">
          <reporter-output>
          </reporter-output>
        </test-method> <!-- afterTest -->
        <test-method is-config="true" signature="afterSuite()[pri:0, instance:com.ShoppersStack_testScripts.TC_001_Verify_user_is_able_to_add_address_or_not@1972e513]" started-at="2024-09-09T12:52:21 IST" name="afterSuite" finished-at="2024-09-09T12:52:21 IST" duration-ms="0" status="PASS">
          <reporter-output>
          </reporter-output>
        </test-method> <!-- afterSuite -->
      </class> <!-- com.ShoppersStack_testScripts.TC_001_Verify_user_is_able_to_add_address_or_not -->
    </test> <!-- Default test -->
  </suite> <!-- Default suite -->
</testng-results>
